2025-04-22 00:09:47 [INFO] [__main__:621] --- Starting Soundboard ---
2025-04-22 00:09:47 [INFO] [__main__:622] Running from: c:\Projects\.proj\_Soundboard\main.py
2025-04-22 00:09:47 [INFO] [__main__:623] Persistent data directory: c:\Projects\.proj\_Soundboard
2025-04-22 00:09:47 [INFO] [__main__:624] Sounds directory: c:\Projects\.proj\_Soundboard\sounds
2025-04-22 00:09:47 [INFO] [__main__:625] Static files source directory: c:\Projects\.proj\_Soundboard\static
2025-04-22 00:09:47 [INFO] [__main__:626] Logging to file: c:\Projects\.proj\_Soundboard\soundboard_app.log
2025-04-22 00:09:47 [INFO] [__main__:632] Server will attempt to run at: http://192.168.2.101:8000
2025-04-22 00:09:47 [INFO] [__main__:648] Uvicorn server thread started.
2025-04-22 00:09:47 [INFO] [uvicorn.error:82] Started server process [11936]
2025-04-22 00:09:47 [INFO] [uvicorn.error:48] Waiting for application startup.
2025-04-22 00:09:47 [INFO] [uvicorn.error:62] Application startup complete.
2025-04-22 00:09:47 [ERROR] [uvicorn.error:170] [Errno 10048] error while attempting to bind on address ('192.168.2.101', 8000): [winerror 10048] only one usage of each socket address (protocol/network address/port) is normally permitted
2025-04-22 00:09:47 [INFO] [uvicorn.error:67] Waiting for application shutdown.
2025-04-22 00:09:47 [INFO] [uvicorn.error:76] Application shutdown complete.
2025-04-22 00:09:49 [CRITICAL] [__main__:655] Uvicorn server thread failed to start. Check logs. Exiting.
2025-04-22 00:10:18 [INFO] [__main__:621] --- Starting Soundboard ---
2025-04-22 00:10:18 [INFO] [__main__:622] Running from: c:\Projects\.proj\_Soundboard\main.py
2025-04-22 00:10:18 [INFO] [__main__:623] Persistent data directory: c:\Projects\.proj\_Soundboard
2025-04-22 00:10:18 [INFO] [__main__:624] Sounds directory: c:\Projects\.proj\_Soundboard\sounds
2025-04-22 00:10:18 [INFO] [__main__:625] Static files source directory: c:\Projects\.proj\_Soundboard\static
2025-04-22 00:10:18 [INFO] [__main__:626] Logging to file: c:\Projects\.proj\_Soundboard\soundboard_app.log
2025-04-22 00:10:18 [INFO] [__main__:632] Server will attempt to run at: http://192.168.2.101:8000
2025-04-22 00:10:18 [INFO] [__main__:648] Uvicorn server thread started.
2025-04-22 00:10:19 [INFO] [uvicorn.error:82] Started server process [28428]
2025-04-22 00:10:19 [INFO] [uvicorn.error:48] Waiting for application startup.
2025-04-22 00:10:19 [INFO] [uvicorn.error:62] Application startup complete.
2025-04-22 00:10:19 [INFO] [uvicorn.error:214] Uvicorn running on http://192.168.2.101:8000 (Press CTRL+C to quit)
2025-04-22 00:10:20 [INFO] [__main__:658] Access the soundboard web UI at: http://192.168.2.101:8000
2025-04-22 00:10:21 [INFO] [__main__:565] Starting tray icon...
2025-04-22 00:10:26 [INFO] [__main__:548] Opening URL from tray: http://192.168.2.101:8000
2025-04-22 00:11:25 [INFO] [__main__:374] Receiving upload: 'MONEY.m4a' -> saving as 'MONEY.wav'
2025-04-22 00:11:25 [INFO] [__main__:384] Processing 'MONEY.m4a' with pydub...
2025-04-22 00:11:26 [INFO] [__main__:395] Successfully processed and saved to: c:\Projects\.proj\_Soundboard\sounds\MONEY.wav
2025-04-22 00:11:26 [INFO] [__main__:429] Saved associated image to: c:\Projects\.proj\_Soundboard\sounds\MONEY.png
2025-04-22 00:11:29 [INFO] [__main__:267] Sound order updated.
2025-04-22 00:11:30 [INFO] [__main__:267] Sound order updated.
2025-04-22 00:11:34 [INFO] [__main__:267] Sound order updated.
2025-04-22 00:11:34 [INFO] [__main__:342] Started playback thread for MONEY.wav
2025-04-22 00:11:35 [INFO] [__main__:342] Started playback thread for MONEY.wav
2025-04-22 00:11:37 [INFO] [__main__:342] Started playback thread for MONEY.wav
2025-04-22 00:11:38 [INFO] [__main__:342] Started playback thread for MONEY.wav
2025-04-22 00:11:39 [INFO] [__main__:342] Started playback thread for MONEY.wav
2025-04-22 00:11:39 [INFO] [__main__:342] Started playback thread for MONEY.wav
2025-04-22 00:11:41 [INFO] [__main__:342] Started playback thread for MONEY.wav
2025-04-22 00:11:41 [INFO] [__main__:342] Started playback thread for MONEY.wav
2025-04-22 00:11:43 [INFO] [__main__:342] Started playback thread for MONEY.wav
2025-04-22 00:11:43 [INFO] [__main__:342] Started playback thread for MONEY.wav
2025-04-22 00:14:21 [INFO] [__main__:552] Quit requested from tray icon.
2025-04-22 00:14:21 [INFO] [__main__:572] Tray icon run loop finished.
2025-04-22 00:14:21 [INFO] [__main__:665] Tray icon exited. Initiating server shutdown.
2025-04-22 00:14:21 [INFO] [__main__:679] Requesting Uvicorn server to shut down...
2025-04-22 00:14:21 [INFO] [__main__:692] --- Soundboard finished ---
2025-04-22 00:14:24 [INFO] [__main__:621] --- Starting Soundboard ---
2025-04-22 00:14:24 [INFO] [__main__:622] Running from: c:\Projects\.proj\_Soundboard\main.py
2025-04-22 00:14:24 [INFO] [__main__:623] Persistent data directory: c:\Projects\.proj\_Soundboard
2025-04-22 00:14:24 [INFO] [__main__:624] Sounds directory: c:\Projects\.proj\_Soundboard\sounds
2025-04-22 00:14:24 [INFO] [__main__:625] Static files source directory: c:\Projects\.proj\_Soundboard\static
2025-04-22 00:14:24 [INFO] [__main__:626] Logging to file: c:\Projects\.proj\_Soundboard\soundboard_app.log
2025-04-22 00:14:24 [INFO] [__main__:632] Server will attempt to run at: http://192.168.2.101:8000
2025-04-22 00:14:24 [INFO] [__main__:648] Uvicorn server thread started.
2025-04-22 00:14:24 [INFO] [uvicorn.error:82] Started server process [36924]
2025-04-22 00:14:24 [INFO] [uvicorn.error:48] Waiting for application startup.
2025-04-22 00:14:24 [INFO] [uvicorn.error:62] Application startup complete.
2025-04-22 00:14:24 [INFO] [uvicorn.error:214] Uvicorn running on http://192.168.2.101:8000 (Press CTRL+C to quit)
2025-04-22 00:14:26 [INFO] [__main__:658] Access the soundboard web UI at: http://192.168.2.101:8000
2025-04-22 00:14:26 [INFO] [__main__:565] Starting tray icon...
2025-04-22 00:14:28 [INFO] [__main__:548] Opening URL from tray: http://192.168.2.101:8000
2025-04-22 00:14:40 [INFO] [__main__:342] Started playback thread for MONEY.wav
2025-04-22 00:14:42 [INFO] [__main__:342] Started playback thread for MONEY.wav
2025-04-22 00:14:44 [INFO] [__main__:342] Started playback thread for MONEY.wav
2025-04-22 00:14:49 [INFO] [__main__:342] Started playback thread for MONEY.wav
2025-04-22 00:14:51 [INFO] [__main__:342] Started playback thread for MONEY.wav
2025-04-22 00:16:31 [INFO] [__main__:552] Quit requested from tray icon.
2025-04-22 00:16:31 [INFO] [__main__:572] Tray icon run loop finished.
2025-04-22 00:16:31 [INFO] [__main__:665] Tray icon exited. Initiating server shutdown.
2025-04-22 00:16:31 [INFO] [__main__:679] Requesting Uvicorn server to shut down...
2025-04-22 00:16:31 [INFO] [__main__:692] --- Soundboard finished ---
2025-04-22 00:16:35 [INFO] [__main__:621] --- Starting Soundboard ---
2025-04-22 00:16:35 [INFO] [__main__:622] Running from: c:\Projects\.proj\_Soundboard\main.py
2025-04-22 00:16:35 [INFO] [__main__:623] Persistent data directory: c:\Projects\.proj\_Soundboard
2025-04-22 00:16:35 [INFO] [__main__:624] Sounds directory: c:\Projects\.proj\_Soundboard\sounds
2025-04-22 00:16:35 [INFO] [__main__:625] Static files source directory: c:\Projects\.proj\_Soundboard\static
2025-04-22 00:16:35 [INFO] [__main__:626] Logging to file: c:\Projects\.proj\_Soundboard\soundboard_app.log
2025-04-22 00:16:35 [INFO] [__main__:632] Server will attempt to run at: http://192.168.2.101:8000
2025-04-22 00:16:35 [INFO] [__main__:648] Uvicorn server thread started.
2025-04-22 00:16:35 [INFO] [uvicorn.error:82] Started server process [17328]
2025-04-22 00:16:35 [INFO] [uvicorn.error:48] Waiting for application startup.
2025-04-22 00:16:35 [INFO] [uvicorn.error:62] Application startup complete.
2025-04-22 00:16:35 [INFO] [uvicorn.error:214] Uvicorn running on http://192.168.2.101:8000 (Press CTRL+C to quit)
2025-04-22 00:16:37 [INFO] [__main__:658] Access the soundboard web UI at: http://192.168.2.101:8000
2025-04-22 00:16:37 [INFO] [__main__:565] Starting tray icon...
2025-04-22 00:16:38 [INFO] [__main__:548] Opening URL from tray: http://192.168.2.101:8000
2025-04-22 00:16:43 [INFO] [__main__:342] Started playback thread for MONEY.wav
2025-04-22 00:16:45 [INFO] [__main__:342] Started playback thread for MONEY.wav
2025-04-22 00:16:48 [INFO] [__main__:342] Started playback thread for MONEY.wav
2025-04-22 00:20:12 [INFO] [__main__:552] Quit requested from tray icon.
2025-04-22 00:20:12 [INFO] [__main__:572] Tray icon run loop finished.
2025-04-22 00:20:12 [INFO] [__main__:665] Tray icon exited. Initiating server shutdown.
2025-04-22 00:20:12 [INFO] [__main__:679] Requesting Uvicorn server to shut down...
2025-04-22 00:20:12 [INFO] [__main__:692] --- Soundboard finished ---
2025-04-22 00:20:16 [INFO] [__main__:621] --- Starting Soundboard ---
2025-04-22 00:20:16 [INFO] [__main__:622] Running from: c:\Projects\.proj\_Soundboard\main.py
2025-04-22 00:20:16 [INFO] [__main__:623] Persistent data directory: c:\Projects\.proj\_Soundboard
2025-04-22 00:20:16 [INFO] [__main__:624] Sounds directory: c:\Projects\.proj\_Soundboard\sounds
2025-04-22 00:20:16 [INFO] [__main__:625] Static files source directory: c:\Projects\.proj\_Soundboard\static
2025-04-22 00:20:16 [INFO] [__main__:626] Logging to file: c:\Projects\.proj\_Soundboard\soundboard_app.log
2025-04-22 00:20:16 [INFO] [__main__:632] Server will attempt to run at: http://192.168.2.101:8000
2025-04-22 00:20:16 [INFO] [__main__:648] Uvicorn server thread started.
2025-04-22 00:20:16 [INFO] [uvicorn.error:82] Started server process [35512]
2025-04-22 00:20:16 [INFO] [uvicorn.error:48] Waiting for application startup.
2025-04-22 00:20:16 [INFO] [uvicorn.error:62] Application startup complete.
2025-04-22 00:20:16 [INFO] [uvicorn.error:214] Uvicorn running on http://192.168.2.101:8000 (Press CTRL+C to quit)
2025-04-22 00:20:18 [INFO] [__main__:658] Access the soundboard web UI at: http://192.168.2.101:8000
2025-04-22 00:20:18 [INFO] [__main__:565] Starting tray icon...
2025-04-22 00:21:23 [INFO] [__main__:552] Quit requested from tray icon.
2025-04-22 00:21:23 [INFO] [__main__:572] Tray icon run loop finished.
2025-04-22 00:21:23 [INFO] [__main__:665] Tray icon exited. Initiating server shutdown.
2025-04-22 00:21:23 [INFO] [__main__:679] Requesting Uvicorn server to shut down...
2025-04-22 00:21:23 [INFO] [__main__:692] --- Soundboard finished ---
2025-04-22 00:21:26 [INFO] [__main__:621] --- Starting Soundboard ---
2025-04-22 00:21:26 [INFO] [__main__:622] Running from: c:\Projects\.proj\_Soundboard\main.py
2025-04-22 00:21:26 [INFO] [__main__:623] Persistent data directory: c:\Projects\.proj\_Soundboard
2025-04-22 00:21:26 [INFO] [__main__:624] Sounds directory: c:\Projects\.proj\_Soundboard\sounds
2025-04-22 00:21:26 [INFO] [__main__:625] Static files source directory: c:\Projects\.proj\_Soundboard\static
2025-04-22 00:21:26 [INFO] [__main__:626] Logging to file: c:\Projects\.proj\_Soundboard\soundboard_app.log
2025-04-22 00:21:26 [INFO] [__main__:632] Server will attempt to run at: http://192.168.2.101:8000
2025-04-22 00:21:26 [INFO] [__main__:648] Uvicorn server thread started.
2025-04-22 00:21:26 [INFO] [uvicorn.error:82] Started server process [33720]
2025-04-22 00:21:26 [INFO] [uvicorn.error:48] Waiting for application startup.
2025-04-22 00:21:26 [INFO] [uvicorn.error:62] Application startup complete.
2025-04-22 00:21:26 [INFO] [uvicorn.error:214] Uvicorn running on http://192.168.2.101:8000 (Press CTRL+C to quit)
2025-04-22 00:21:28 [INFO] [__main__:658] Access the soundboard web UI at: http://192.168.2.101:8000
2025-04-22 00:21:28 [INFO] [__main__:565] Starting tray icon...
2025-04-22 00:23:33 [INFO] [__main__:267] Sound order updated.
2025-04-22 00:23:34 [INFO] [__main__:247] Favourites updated.
2025-04-22 00:23:36 [INFO] [__main__:247] Favourites updated.
2025-04-22 00:23:41 [INFO] [__main__:342] Started playback thread for MONEY.wav
2025-04-22 00:23:44 [INFO] [__main__:468] Received request to delete sound: MONEY.wav
2025-04-22 00:23:44 [INFO] [__main__:484] Deleted sound file: c:\Projects\.proj\_Soundboard\sounds\MONEY.wav
2025-04-22 00:23:44 [INFO] [__main__:497] Deleted associated image: c:\Projects\.proj\_Soundboard\sounds\MONEY.png
2025-04-22 00:23:44 [INFO] [__main__:514] Removed 'MONEY.wav' from order.
2025-04-22 00:23:44 [INFO] [__main__:247] Favourites updated.
2025-04-22 00:24:25 [INFO] [__main__:374] Receiving upload: 'Money.m4a' -> saving as 'Money.wav'
2025-04-22 00:24:25 [INFO] [__main__:384] Processing 'Money.m4a' with pydub...
2025-04-22 00:24:25 [INFO] [__main__:395] Successfully processed and saved to: c:\Projects\.proj\_Soundboard\sounds\Money.wav
2025-04-22 00:24:25 [INFO] [__main__:429] Saved associated image to: c:\Projects\.proj\_Soundboard\sounds\Money.png
2025-04-22 00:26:37 [INFO] [__main__:342] Started playback thread for Money.wav
2025-04-22 00:26:40 [INFO] [__main__:342] Started playback thread for Money.wav
2025-04-22 00:26:42 [INFO] [__main__:342] Started playback thread for Money.wav
2025-04-22 00:26:47 [INFO] [__main__:342] Started playback thread for Money.wav
2025-04-22 00:27:43 [INFO] [__main__:342] Started playback thread for Money.wav
2025-04-22 00:27:45 [INFO] [__main__:342] Started playback thread for Money.wav
2025-04-22 00:27:47 [INFO] [__main__:342] Started playback thread for Money.wav
2025-04-22 00:27:57 [INFO] [__main__:342] Started playback thread for Money.wav
2025-04-22 00:27:59 [INFO] [__main__:342] Started playback thread for Money.wav
2025-04-22 00:28:02 [INFO] [__main__:342] Started playback thread for Money.wav
2025-04-22 00:29:26 [INFO] [__main__:374] Receiving upload: 'Prime.mp3' -> saving as 'Prime.wav'
2025-04-22 00:29:26 [INFO] [__main__:384] Processing 'Prime.mp3' with pydub...
2025-04-22 00:29:26 [INFO] [__main__:395] Successfully processed and saved to: c:\Projects\.proj\_Soundboard\sounds\Prime.wav
2025-04-22 00:29:26 [INFO] [__main__:429] Saved associated image to: c:\Projects\.proj\_Soundboard\sounds\Prime.png
2025-04-22 00:29:27 [INFO] [__main__:342] Started playback thread for Prime.wav
2025-04-22 00:29:32 [INFO] [__main__:443] Received request to stop all sounds.
2025-04-22 00:29:32 [INFO] [__main__:460] Signaled 1 active player(s) to stop.
2025-04-22 00:29:33 [INFO] [__main__:342] Started playback thread for Prime.wav
2025-04-22 00:29:36 [INFO] [__main__:443] Received request to stop all sounds.
2025-04-22 00:29:36 [INFO] [__main__:460] Signaled 1 active player(s) to stop.
2025-04-22 00:29:36 [INFO] [__main__:342] Started playback thread for Money.wav
2025-04-22 00:29:40 [INFO] [__main__:342] Started playback thread for Prime.wav
2025-04-22 00:29:43 [INFO] [__main__:443] Received request to stop all sounds.
2025-04-22 00:29:43 [INFO] [__main__:460] Signaled 2 active player(s) to stop.
2025-04-22 00:29:51 [INFO] [__main__:342] Started playback thread for Prime.wav
2025-04-22 00:29:54 [INFO] [__main__:443] Received request to stop all sounds.
2025-04-22 00:29:54 [INFO] [__main__:460] Signaled 1 active player(s) to stop.
2025-04-22 00:29:55 [INFO] [__main__:267] Sound order updated.
2025-04-22 00:29:57 [INFO] [__main__:267] Sound order updated.
2025-04-22 00:29:59 [INFO] [__main__:267] Sound order updated.
2025-04-22 00:30:04 [INFO] [__main__:267] Sound order updated.
2025-04-22 00:30:04 [INFO] [__main__:267] Sound order updated.
2025-04-22 00:35:32 [INFO] [__main__:548] Opening URL from tray: http://192.168.2.101:8000
2025-04-22 00:38:49 [INFO] [__main__:552] Quit requested from tray icon.
2025-04-22 00:38:49 [INFO] [__main__:572] Tray icon run loop finished.
2025-04-22 00:38:49 [INFO] [__main__:665] Tray icon exited. Initiating server shutdown.
2025-04-22 00:38:49 [INFO] [__main__:679] Requesting Uvicorn server to shut down...
2025-04-22 00:38:49 [INFO] [__main__:692] --- Soundboard finished ---
2025-04-22 00:40:09 [INFO] [__main__:702] --- Starting Soundboard ---
2025-04-22 00:40:09 [INFO] [__main__:703] Running from: c:\Projects\.proj\_Soundboard\main.py
2025-04-22 00:40:09 [INFO] [__main__:704] Persistent data directory: c:\Projects\.proj\_Soundboard
2025-04-22 00:40:09 [INFO] [__main__:705] Sounds directory: c:\Projects\.proj\_Soundboard\sounds
2025-04-22 00:40:09 [INFO] [__main__:706] Static files source directory: c:\Projects\.proj\_Soundboard\static
2025-04-22 00:40:09 [INFO] [__main__:707] Logging to file: c:\Projects\.proj\_Soundboard\soundboard_app.log
2025-04-22 00:40:09 [INFO] [__main__:720] Server will attempt to run at: http://192.168.2.101:8000
2025-04-22 00:40:09 [INFO] [__main__:736] Uvicorn server thread started.
2025-04-22 00:40:09 [INFO] [uvicorn.error:82] Started server process [9156]
2025-04-22 00:40:09 [INFO] [uvicorn.error:48] Waiting for application startup.
2025-04-22 00:40:09 [INFO] [uvicorn.error:62] Application startup complete.
2025-04-22 00:40:09 [INFO] [uvicorn.error:214] Uvicorn running on http://192.168.2.101:8000 (Press CTRL+C to quit)
2025-04-22 00:40:11 [INFO] [__main__:746] Access the soundboard web UI at: http://192.168.2.101:8000
2025-04-22 00:40:11 [INFO] [__main__:583] Starting tray icon...
2025-04-22 00:40:13 [INFO] [__main__:562] Opening URL from tray: http://192.168.2.101:8000
2025-04-22 00:40:19 [INFO] [__main__:356] Started playback thread for Money.wav
2025-04-22 00:40:20 [INFO] [__main__:356] Started playback thread for Prime.wav
2025-04-22 00:40:23 [INFO] [__main__:457] Received request to stop all sounds.
2025-04-22 00:40:23 [INFO] [__main__:474] Signaled 2 active player(s) to stop.
2025-04-22 00:40:24 [INFO] [__main__:356] Started playback thread for Prime.wav
2025-04-22 00:40:25 [INFO] [__main__:356] Started playback thread for Money.wav
2025-04-22 00:40:25 [INFO] [__main__:356] Started playback thread for Money.wav
2025-04-22 00:40:26 [INFO] [__main__:356] Started playback thread for Money.wav
2025-04-22 00:40:26 [INFO] [__main__:356] Started playback thread for Money.wav
2025-04-22 00:40:26 [INFO] [__main__:356] Started playback thread for Money.wav
2025-04-22 00:40:28 [INFO] [__main__:281] Sound order updated.
2025-04-22 00:40:28 [INFO] [__main__:356] Started playback thread for Money.wav
2025-04-22 00:40:30 [INFO] [__main__:356] Started playback thread for Money.wav
2025-04-22 00:40:30 [INFO] [__main__:356] Started playback thread for Money.wav
2025-04-22 00:40:30 [INFO] [__main__:356] Started playback thread for Money.wav
2025-04-22 00:40:32 [INFO] [__main__:281] Sound order updated.
2025-04-22 00:40:33 [INFO] [__main__:457] Received request to stop all sounds.
2025-04-22 00:40:33 [INFO] [__main__:474] Signaled 5 active player(s) to stop.
2025-04-22 00:40:34 [INFO] [__main__:281] Sound order updated.
2025-04-22 00:42:19 [INFO] [__main__:356] Started playback thread for Money.wav
2025-04-22 00:42:23 [INFO] [__main__:356] Started playback thread for Prime.wav
2025-04-22 00:42:26 [INFO] [__main__:457] Received request to stop all sounds.
2025-04-22 00:42:26 [INFO] [__main__:474] Signaled 1 active player(s) to stop.
2025-04-22 00:42:28 [INFO] [__main__:562] Opening URL from tray: http://192.168.2.101:8000
2025-04-22 00:42:48 [INFO] [__main__:356] Started playback thread for Prime.wav
2025-04-22 00:42:51 [INFO] [__main__:457] Received request to stop all sounds.
2025-04-22 00:42:51 [INFO] [__main__:474] Signaled 1 active player(s) to stop.
2025-04-22 00:44:13 [INFO] [__main__:566] Quit requested from tray icon.
2025-04-22 00:44:13 [INFO] [__main__:590] Tray icon run loop finished.
2025-04-22 00:44:13 [INFO] [__main__:753] Tray icon exited. Initiating server shutdown.
2025-04-22 00:44:13 [INFO] [__main__:767] Requesting Uvicorn server to shut down...
2025-04-22 00:44:13 [INFO] [__main__:780] --- Soundboard finished ---
2025-04-22 00:44:18 [INFO] [__main__:707] --- Starting Soundboard ---
2025-04-22 00:44:18 [INFO] [__main__:708] Running from: c:\Projects\.proj\_Soundboard\main.py
2025-04-22 00:44:18 [INFO] [__main__:709] Persistent data directory: c:\Projects\.proj\_Soundboard
2025-04-22 00:44:18 [INFO] [__main__:710] Sounds directory: c:\Projects\.proj\_Soundboard\sounds
2025-04-22 00:44:18 [INFO] [__main__:711] Static files source directory: c:\Projects\.proj\_Soundboard\static
2025-04-22 00:44:18 [INFO] [__main__:712] Logging to file: c:\Projects\.proj\_Soundboard\soundboard_app.log
2025-04-22 00:44:18 [INFO] [__main__:725] Server will attempt to run at: http://192.168.2.101:8000
2025-04-22 00:44:18 [INFO] [__main__:741] Uvicorn server thread started.
2025-04-22 00:44:18 [INFO] [uvicorn.error:82] Started server process [39196]
2025-04-22 00:44:18 [INFO] [uvicorn.error:48] Waiting for application startup.
2025-04-22 00:44:18 [INFO] [uvicorn.error:62] Application startup complete.
2025-04-22 00:44:18 [INFO] [uvicorn.error:214] Uvicorn running on http://192.168.2.101:8000 (Press CTRL+C to quit)
2025-04-22 00:44:20 [INFO] [__main__:751] Access the soundboard web UI at: http://192.168.2.101:8000
2025-04-22 00:44:20 [INFO] [__main__:581] Starting tray icon...
2025-04-22 00:44:43 [INFO] [__main__:564] Quit requested from tray icon.
2025-04-22 00:44:43 [INFO] [__main__:588] Tray icon run loop finished.
2025-04-22 00:44:43 [INFO] [__main__:758] Tray icon exited. Initiating server shutdown.
2025-04-22 00:44:43 [INFO] [__main__:772] Requesting Uvicorn server to shut down...
2025-04-22 00:44:43 [INFO] [__main__:785] --- Soundboard finished ---
2025-04-22 00:44:47 [INFO] [__main__:707] --- Starting Soundboard ---
2025-04-22 00:44:47 [INFO] [__main__:708] Running from: c:\Projects\.proj\_Soundboard\main.py
2025-04-22 00:44:47 [INFO] [__main__:709] Persistent data directory: c:\Projects\.proj\_Soundboard
2025-04-22 00:44:47 [INFO] [__main__:710] Sounds directory: c:\Projects\.proj\_Soundboard\sounds
2025-04-22 00:44:47 [INFO] [__main__:711] Static files source directory: c:\Projects\.proj\_Soundboard\static
2025-04-22 00:44:47 [INFO] [__main__:712] Logging to file: c:\Projects\.proj\_Soundboard\soundboard_app.log
2025-04-22 00:44:47 [INFO] [__main__:725] Server will attempt to run at: http://192.168.2.101:8000
2025-04-22 00:44:47 [INFO] [__main__:741] Uvicorn server thread started.
2025-04-22 00:44:47 [INFO] [uvicorn.error:82] Started server process [6324]
2025-04-22 00:44:47 [INFO] [uvicorn.error:48] Waiting for application startup.
2025-04-22 00:44:47 [INFO] [uvicorn.error:62] Application startup complete.
2025-04-22 00:44:47 [INFO] [uvicorn.error:214] Uvicorn running on http://192.168.2.101:8000 (Press CTRL+C to quit)
2025-04-22 00:44:49 [INFO] [__main__:751] Access the soundboard web UI at: http://192.168.2.101:8000
2025-04-22 00:44:49 [INFO] [__main__:581] Starting tray icon...
2025-04-22 00:45:09 [INFO] [__main__:354] Started playback thread for Money.wav
2025-04-22 00:45:12 [INFO] [__main__:354] Started playback thread for Prime.wav
2025-04-22 00:45:20 [INFO] [__main__:455] Received request to stop all sounds.
2025-04-22 00:45:20 [INFO] [__main__:472] Signaled 2 active player(s) to stop.
2025-04-22 00:45:21 [INFO] [__main__:354] Started playback thread for Prime.wav
2025-04-22 00:45:23 [INFO] [__main__:354] Started playback thread for Money.wav
2025-04-22 00:45:34 [INFO] [__main__:455] Received request to stop all sounds.
2025-04-22 00:45:34 [INFO] [__main__:472] Signaled 2 active player(s) to stop.
2025-04-22 00:45:35 [INFO] [__main__:354] Started playback thread for Prime.wav
2025-04-22 00:45:38 [INFO] [__main__:455] Received request to stop all sounds.
2025-04-22 00:45:38 [INFO] [__main__:472] Signaled 1 active player(s) to stop.
2025-04-22 00:45:38 [INFO] [__main__:354] Started playback thread for Prime.wav
2025-04-22 00:45:48 [INFO] [__main__:455] Received request to stop all sounds.
2025-04-22 00:45:48 [INFO] [__main__:472] Signaled 1 active player(s) to stop.
2025-04-22 00:45:49 [INFO] [__main__:354] Started playback thread for Prime.wav
2025-04-22 00:45:53 [INFO] [__main__:455] Received request to stop all sounds.
2025-04-22 00:45:53 [INFO] [__main__:472] Signaled 1 active player(s) to stop.
2025-04-22 00:45:54 [INFO] [__main__:354] Started playback thread for Money.wav
2025-04-22 00:45:56 [INFO] [__main__:455] Received request to stop all sounds.
2025-04-22 00:45:56 [INFO] [__main__:472] Signaled 1 active player(s) to stop.
2025-04-22 00:47:19 [INFO] [__main__:564] Quit requested from tray icon.
2025-04-22 00:47:19 [INFO] [__main__:588] Tray icon run loop finished.
2025-04-22 00:47:19 [INFO] [__main__:758] Tray icon exited. Initiating server shutdown.
2025-04-22 00:47:19 [INFO] [__main__:772] Requesting Uvicorn server to shut down...
2025-04-22 00:47:19 [INFO] [__main__:785] --- Soundboard finished ---
2025-04-22 00:47:26 [INFO] [__main__:714] --- Starting Soundboard ---
2025-04-22 00:47:26 [INFO] [__main__:715] Running from: c:\Projects\.proj\_Soundboard\main.py
2025-04-22 00:47:26 [INFO] [__main__:716] Persistent data directory: c:\Projects\.proj\_Soundboard
2025-04-22 00:47:26 [INFO] [__main__:717] Sounds directory: c:\Projects\.proj\_Soundboard\sounds
2025-04-22 00:47:26 [INFO] [__main__:718] Static files source directory: c:\Projects\.proj\_Soundboard\static
2025-04-22 00:47:26 [INFO] [__main__:719] Logging to file: c:\Projects\.proj\_Soundboard\soundboard_app.log
2025-04-22 00:47:26 [INFO] [__main__:732] Server will attempt to run at: http://192.168.2.101:8000
2025-04-22 00:47:26 [INFO] [__main__:748] Uvicorn server thread started.
2025-04-22 00:47:26 [INFO] [uvicorn.error:82] Started server process [31516]
2025-04-22 00:47:26 [INFO] [uvicorn.error:48] Waiting for application startup.
2025-04-22 00:47:26 [INFO] [uvicorn.error:62] Application startup complete.
2025-04-22 00:47:26 [INFO] [uvicorn.error:214] Uvicorn running on http://192.168.2.101:8000 (Press CTRL+C to quit)
2025-04-22 00:47:28 [INFO] [__main__:758] Access the soundboard web UI at: http://192.168.2.101:8000
2025-04-22 00:47:28 [INFO] [__main__:581] Starting tray icon...
2025-04-22 00:48:00 [INFO] [__main__:560] Opening URL from tray: http://192.168.2.101:8000
2025-04-22 00:48:23 [INFO] [__main__:564] Quit requested from tray icon.
2025-04-22 00:48:23 [INFO] [__main__:588] Tray icon run loop finished.
2025-04-22 00:48:23 [INFO] [__main__:765] Tray icon exited. Initiating server shutdown.
2025-04-22 00:48:23 [INFO] [__main__:779] Requesting Uvicorn server to shut down...
2025-04-22 00:48:23 [INFO] [__main__:792] --- Soundboard finished ---
2025-04-22 00:54:03 [INFO] [__main__:724] --- Starting Soundboard ---
2025-04-22 00:54:03 [INFO] [__main__:725] Running from: c:\Projects\.proj\_Soundboard\main.py
2025-04-22 00:54:03 [INFO] [__main__:726] Persistent data directory: c:\Projects\.proj\_Soundboard
2025-04-22 00:54:03 [INFO] [__main__:727] Sounds directory: c:\Projects\.proj\_Soundboard\sounds
2025-04-22 00:54:03 [INFO] [__main__:728] Static files source directory: c:\Projects\.proj\_Soundboard\static
2025-04-22 00:54:03 [INFO] [__main__:729] Logging to file: c:\Projects\.proj\_Soundboard\soundboard_app.log
2025-04-22 00:54:03 [INFO] [__main__:742] Server will attempt to run at: http://192.168.2.101:8000
2025-04-22 00:54:03 [INFO] [__main__:758] Uvicorn server thread started.
2025-04-22 00:54:03 [INFO] [uvicorn.error:82] Started server process [40428]
2025-04-22 00:54:03 [INFO] [uvicorn.error:48] Waiting for application startup.
2025-04-22 00:54:03 [INFO] [uvicorn.error:62] Application startup complete.
2025-04-22 00:54:03 [INFO] [uvicorn.error:214] Uvicorn running on http://192.168.2.101:8000 (Press CTRL+C to quit)
2025-04-22 00:54:05 [INFO] [__main__:768] Access the soundboard web UI at: http://192.168.2.101:8000
2025-04-22 00:54:05 [INFO] [__main__:585] Starting tray icon...
2025-04-22 00:55:16 [INFO] [__main__:358] Started playback thread for Money.wav
2025-04-22 00:55:19 [INFO] [__main__:358] Started playback thread for Prime.wav
2025-04-22 00:55:26 [INFO] [__main__:459] Received request to stop all sounds.
2025-04-22 00:55:26 [INFO] [__main__:476] Signaled 2 active player(s) to stop.
2025-04-22 00:55:27 [INFO] [__main__:358] Started playback thread for Prime.wav
2025-04-22 00:55:59 [INFO] [__main__:459] Received request to stop all sounds.
2025-04-22 00:55:59 [INFO] [__main__:476] Signaled 1 active player(s) to stop.
2025-04-22 00:56:00 [INFO] [__main__:358] Started playback thread for Prime.wav
2025-04-22 00:56:04 [INFO] [__main__:358] Started playback thread for Money.wav
2025-04-22 00:56:06 [INFO] [__main__:358] Started playback thread for Money.wav
2025-04-22 00:56:07 [INFO] [__main__:358] Started playback thread for Money.wav
2025-04-22 00:56:10 [INFO] [__main__:459] Received request to stop all sounds.
2025-04-22 00:56:10 [INFO] [__main__:476] Signaled 3 active player(s) to stop.
2025-04-22 00:56:13 [INFO] [__main__:279] Sound order updated.
2025-04-22 00:56:13 [INFO] [__main__:279] Sound order updated.
2025-04-22 00:56:16 [INFO] [__main__:358] Started playback thread for Prime.wav
2025-04-22 00:56:17 [INFO] [__main__:459] Received request to stop all sounds.
2025-04-22 00:56:17 [INFO] [__main__:476] Signaled 1 active player(s) to stop.
2025-04-22 00:56:18 [INFO] [__main__:358] Started playback thread for Prime.wav
2025-04-22 00:56:20 [INFO] [__main__:459] Received request to stop all sounds.
2025-04-22 00:56:20 [INFO] [__main__:476] Signaled 1 active player(s) to stop.
2025-04-22 00:58:17 [INFO] [__main__:568] Quit requested from tray icon.
2025-04-22 00:58:17 [INFO] [__main__:592] Tray icon run loop finished.
2025-04-22 00:58:17 [INFO] [__main__:775] Tray icon exited. Initiating server shutdown.
2025-04-22 00:58:17 [INFO] [__main__:789] Requesting Uvicorn server to shut down...
2025-04-22 00:58:17 [INFO] [__main__:802] --- Soundboard finished ---
2025-04-22 00:58:22 [INFO] [__main__:733] --- Starting Soundboard ---
2025-04-22 00:58:22 [INFO] [__main__:734] Running from: c:\Projects\.proj\_Soundboard\main.py
2025-04-22 00:58:22 [INFO] [__main__:735] Persistent data directory: c:\Projects\.proj\_Soundboard
2025-04-22 00:58:22 [INFO] [__main__:736] Sounds directory: c:\Projects\.proj\_Soundboard\sounds
2025-04-22 00:58:22 [INFO] [__main__:737] Static files source directory: c:\Projects\.proj\_Soundboard\static
2025-04-22 00:58:22 [INFO] [__main__:738] Logging to file: c:\Projects\.proj\_Soundboard\soundboard_app.log
2025-04-22 00:58:22 [INFO] [__main__:751] Server will attempt to run at: http://192.168.2.101:8000
2025-04-22 00:58:22 [INFO] [__main__:767] Uvicorn server thread started.
2025-04-22 00:58:22 [INFO] [uvicorn.error:82] Started server process [30600]
2025-04-22 00:58:22 [INFO] [uvicorn.error:48] Waiting for application startup.
2025-04-22 00:58:22 [INFO] [uvicorn.error:62] Application startup complete.
2025-04-22 00:58:22 [INFO] [uvicorn.error:214] Uvicorn running on http://192.168.2.101:8000 (Press CTRL+C to quit)
2025-04-22 00:58:24 [INFO] [__main__:777] Access the soundboard web UI at: http://192.168.2.101:8000
2025-04-22 00:58:24 [INFO] [__main__:594] Starting tray icon...
2025-04-22 01:08:48 [INFO] [__main__:279] Sound order updated.
2025-04-22 01:08:48 [INFO] [__main__:279] Sound order updated.
2025-04-22 01:08:49 [INFO] [__main__:367] Started playback thread for Money.wav
2025-04-22 01:08:51 [INFO] [__main__:367] Started playback thread for Money.wav
2025-04-22 01:08:58 [INFO] [__main__:279] Sound order updated.
2025-04-22 01:08:58 [INFO] [__main__:367] Started playback thread for Money.wav
2025-04-22 01:09:00 [INFO] [__main__:367] Started playback thread for Money.wav
2025-04-22 01:09:01 [INFO] [__main__:367] Started playback thread for Money.wav
2025-04-22 01:09:44 [INFO] [__main__:367] Started playback thread for Prime.wav
2025-04-22 01:09:48 [INFO] [__main__:468] Received request to stop all sounds.
2025-04-22 01:09:48 [INFO] [__main__:485] Signaled 1 active player(s) to stop.
2025-04-22 01:09:56 [INFO] [__main__:367] Started playback thread for Prime.wav
2025-04-22 01:09:58 [INFO] [__main__:468] Received request to stop all sounds.
2025-04-22 01:09:58 [INFO] [__main__:485] Signaled 1 active player(s) to stop.
2025-04-22 01:10:04 [INFO] [__main__:279] Sound order updated.
2025-04-22 01:10:05 [INFO] [__main__:279] Sound order updated.
2025-04-22 01:10:06 [INFO] [__main__:279] Sound order updated.
2025-04-22 01:10:07 [INFO] [__main__:279] Sound order updated.
2025-04-22 01:10:07 [INFO] [__main__:367] Started playback thread for Prime.wav
2025-04-22 01:10:08 [INFO] [__main__:259] Favourites updated.
2025-04-22 01:10:11 [INFO] [__main__:468] Received request to stop all sounds.
2025-04-22 01:10:11 [INFO] [__main__:485] Signaled 1 active player(s) to stop.
2025-04-22 01:14:26 [INFO] [__main__:259] Favourites updated.
2025-04-22 01:14:27 [INFO] [__main__:259] Favourites updated.
2025-04-22 01:16:59 [INFO] [__main__:259] Favourites updated.
2025-04-22 01:17:00 [INFO] [__main__:259] Favourites updated.
2025-04-22 01:17:15 [INFO] [__main__:577] Quit requested from tray icon.
2025-04-22 01:17:15 [INFO] [__main__:601] Tray icon run loop finished.
2025-04-22 01:17:15 [INFO] [__main__:784] Tray icon exited. Initiating server shutdown.
2025-04-22 01:17:15 [INFO] [__main__:798] Requesting Uvicorn server to shut down...
2025-04-22 01:17:15 [INFO] [__main__:811] --- Soundboard finished ---
2025-04-22 01:17:21 [INFO] [__main__:733] --- Starting Soundboard ---
2025-04-22 01:17:21 [INFO] [__main__:734] Running from: c:\Projects\.proj\_Soundboard\main.py
2025-04-22 01:17:21 [INFO] [__main__:735] Persistent data directory: c:\Projects\.proj\_Soundboard
2025-04-22 01:17:21 [INFO] [__main__:736] Sounds directory: c:\Projects\.proj\_Soundboard\sounds
2025-04-22 01:17:21 [INFO] [__main__:737] Static files source directory: c:\Projects\.proj\_Soundboard\static
2025-04-22 01:17:21 [INFO] [__main__:738] Logging to file: c:\Projects\.proj\_Soundboard\soundboard_app.log
2025-04-22 01:17:21 [INFO] [__main__:751] Server will attempt to run at: http://192.168.2.101:8000
2025-04-22 01:17:21 [INFO] [__main__:767] Uvicorn server thread started.
2025-04-22 01:17:21 [INFO] [uvicorn.error:82] Started server process [21024]
2025-04-22 01:17:21 [INFO] [uvicorn.error:48] Waiting for application startup.
2025-04-22 01:17:21 [INFO] [uvicorn.error:62] Application startup complete.
2025-04-22 01:17:21 [INFO] [uvicorn.error:214] Uvicorn running on http://192.168.2.101:8000 (Press CTRL+C to quit)
2025-04-22 01:17:23 [INFO] [__main__:777] Access the soundboard web UI at: http://192.168.2.101:8000
2025-04-22 01:17:23 [INFO] [__main__:594] Starting tray icon...
2025-04-22 01:19:59 [INFO] [__main__:259] Favourites updated.
2025-04-22 01:20:00 [INFO] [__main__:259] Favourites updated.
2025-04-22 01:20:01 [INFO] [__main__:259] Favourites updated.
2025-04-22 01:20:01 [INFO] [__main__:259] Favourites updated.
2025-04-22 01:20:01 [INFO] [__main__:259] Favourites updated.
2025-04-22 01:20:02 [INFO] [__main__:259] Favourites updated.
2025-04-22 01:20:03 [INFO] [__main__:259] Favourites updated.
2025-04-22 01:20:05 [INFO] [__main__:259] Favourites updated.
2025-04-22 01:20:05 [INFO] [__main__:259] Favourites updated.
2025-04-22 01:20:05 [INFO] [__main__:259] Favourites updated.
2025-04-22 01:20:06 [INFO] [__main__:259] Favourites updated.
2025-04-22 01:20:06 [INFO] [__main__:259] Favourites updated.
2025-04-22 01:20:07 [INFO] [__main__:259] Favourites updated.
2025-04-22 01:20:07 [INFO] [__main__:259] Favourites updated.
2025-04-22 01:20:08 [INFO] [__main__:259] Favourites updated.
2025-04-22 01:22:01 [INFO] [__main__:259] Favourites updated.
2025-04-22 01:22:02 [INFO] [__main__:259] Favourites updated.
2025-04-22 01:22:02 [INFO] [__main__:279] Sound order updated.
2025-04-22 01:22:03 [INFO] [__main__:279] Sound order updated.
2025-04-22 01:22:03 [INFO] [__main__:279] Sound order updated.
2025-04-22 01:22:04 [INFO] [__main__:259] Favourites updated.
2025-04-22 01:22:04 [INFO] [__main__:279] Sound order updated.
2025-04-22 01:22:05 [INFO] [__main__:279] Sound order updated.
2025-04-22 01:22:07 [INFO] [__main__:259] Favourites updated.
2025-04-22 01:22:09 [INFO] [__main__:279] Sound order updated.
2025-04-22 01:22:09 [INFO] [__main__:279] Sound order updated.
2025-04-22 01:22:10 [INFO] [__main__:259] Favourites updated.
2025-04-22 01:22:13 [INFO] [__main__:279] Sound order updated.
2025-04-22 01:22:17 [INFO] [__main__:279] Sound order updated.
2025-04-22 01:22:19 [INFO] [__main__:279] Sound order updated.
2025-04-22 01:22:20 [INFO] [__main__:279] Sound order updated.
2025-04-22 01:22:20 [INFO] [__main__:279] Sound order updated.
2025-04-22 01:22:21 [INFO] [__main__:279] Sound order updated.
2025-04-22 01:22:21 [INFO] [__main__:279] Sound order updated.
2025-04-22 01:22:22 [INFO] [__main__:279] Sound order updated.
2025-04-22 01:22:22 [INFO] [__main__:279] Sound order updated.
2025-04-22 01:22:23 [INFO] [__main__:279] Sound order updated.
2025-04-22 01:22:23 [INFO] [__main__:279] Sound order updated.
2025-04-22 01:22:23 [INFO] [__main__:279] Sound order updated.
2025-04-22 01:22:23 [INFO] [__main__:279] Sound order updated.
2025-04-22 01:22:24 [INFO] [__main__:279] Sound order updated.
2025-04-22 01:22:24 [INFO] [__main__:279] Sound order updated.
2025-04-22 01:22:25 [INFO] [__main__:367] Started playback thread for Prime.wav
2025-04-22 01:22:29 [INFO] [__main__:468] Received request to stop all sounds.
2025-04-22 01:22:29 [INFO] [__main__:485] Signaled 1 active player(s) to stop.
2025-04-22 01:22:29 [INFO] [__main__:367] Started playback thread for Money.wav
2025-04-22 01:22:31 [INFO] [__main__:468] Received request to stop all sounds.
2025-04-22 01:22:31 [INFO] [__main__:485] Signaled 1 active player(s) to stop.
2025-04-22 01:22:45 [INFO] [__main__:577] Quit requested from tray icon.
2025-04-22 01:22:45 [INFO] [__main__:601] Tray icon run loop finished.
2025-04-22 01:22:45 [INFO] [__main__:784] Tray icon exited. Initiating server shutdown.
2025-04-22 01:22:45 [INFO] [__main__:798] Requesting Uvicorn server to shut down...
2025-04-22 01:22:45 [INFO] [__main__:811] --- Soundboard finished ---
